[2024-02-16 22:05:07,826: INFO: utils: Note: NumExpr detected 12 cores but "NUMEXPR_MAX_THREADS" not set, so enforcing safe limit of 8.]
[2024-02-16 22:05:07,826: INFO: utils: NumExpr defaulting to 8 threads.]
[2024-02-16 22:05:10,116: INFO: main: >>>>>> stage Data Ingestion stage started <<<<<<]
[2024-02-16 22:05:10,134: INFO: common: yaml file: config\config.yaml loaded successfully]
[2024-02-16 22:05:10,140: INFO: common: yaml file: params.yaml loaded successfully]
[2024-02-16 22:05:10,140: INFO: common: created directory at: artifacts]
[2024-02-16 22:05:10,140: INFO: common: created directory at: artifacts/data_ingestion]
[2024-02-16 22:05:10,140: INFO: data_ingestion: File already exists of size: ~ 7718 KB]
[2024-02-16 22:05:10,251: INFO: main: >>>>>> stage Data Ingestion stage completed <<<<<<

x==========x]
[2024-02-16 22:05:10,251: INFO: main: >>>>>> stage Data Validation stage started <<<<<<]
[2024-02-16 22:05:10,253: INFO: common: yaml file: config\config.yaml loaded successfully]
[2024-02-16 22:05:10,255: INFO: common: yaml file: params.yaml loaded successfully]
[2024-02-16 22:05:10,256: INFO: common: created directory at: artifacts]
[2024-02-16 22:05:10,256: INFO: common: created directory at: artifacts/data_validation]
[2024-02-16 22:05:10,258: INFO: main: >>>>>> stage Data Validation stage completed <<<<<<

x==========x]
[2024-02-16 22:05:10,258: INFO: main: >>>>>> stage Data Transformation stage started <<<<<<]
[2024-02-16 22:05:10,260: INFO: common: yaml file: config\config.yaml loaded successfully]
[2024-02-16 22:05:10,262: INFO: common: yaml file: params.yaml loaded successfully]
[2024-02-16 22:05:10,262: INFO: common: created directory at: artifacts]
[2024-02-16 22:05:10,262: INFO: common: created directory at: artifacts/data_transformation]
[2024-02-16 22:05:12,056: ERROR: main: Protocol not known: artifacts/data_ingestion/samsum_dataset]
Traceback (most recent call last):
  File "C:\Users\rajm7\OneDrive\Desktop\Text-Summarization-NLP\main.py", line 36, in <module>
    data_transformation.main()
  File "C:\Users\rajm7\OneDrive\Desktop\Text-Summarization-NLP\src\TextSummarization\pipeline\stage_03.py", line 14, in main
    data_transformation.convert()
  File "C:\Users\rajm7\OneDrive\Desktop\Text-Summarization-NLP\src\TextSummarization\components\data_transformation.py", line 30, in convert
    dataset_samsum = load_from_disk(self.config.data_path)
                     ^^^^^^^^^^^^^^^^^^^^^^^^^^^^^^^^^^^^^
  File "C:\Users\rajm7\anaconda3\Lib\site-packages\datasets\load.py", line 1892, in load_from_disk
    return DatasetDict.load_from_disk(dataset_path, keep_in_memory=keep_in_memory, storage_options=storage_options)
           ^^^^^^^^^^^^^^^^^^^^^^^^^^^^^^^^^^^^^^^^^^^^^^^^^^^^^^^^^^^^^^^^^^^^^^^^^^^^^^^^^^^^^^^^^^^^^^^^^^^^^^^^
  File "C:\Users\rajm7\anaconda3\Lib\site-packages\datasets\dataset_dict.py", line 1319, in load_from_disk
    dataset_dict[k] = Dataset.load_from_disk(
                      ^^^^^^^^^^^^^^^^^^^^^^^
  File "C:\Users\rajm7\anaconda3\Lib\site-packages\datasets\arrow_dataset.py", line 1627, in load_from_disk
    fs_token_paths = fsspec.get_fs_token_paths(dataset_path, storage_options=storage_options)
                     ^^^^^^^^^^^^^^^^^^^^^^^^^^^^^^^^^^^^^^^^^^^^^^^^^^^^^^^^^^^^^^^^^^^^^^^^
  File "C:\Users\rajm7\anaconda3\Lib\site-packages\fsspec\core.py", line 623, in get_fs_token_paths
    chain = _un_chain(urlpath0, storage_options or {})
            ^^^^^^^^^^^^^^^^^^^^^^^^^^^^^^^^^^^^^^^^^^
  File "C:\Users\rajm7\anaconda3\Lib\site-packages\fsspec\core.py", line 332, in _un_chain
    cls = get_filesystem_class(protocol)
          ^^^^^^^^^^^^^^^^^^^^^^^^^^^^^^
  File "C:\Users\rajm7\anaconda3\Lib\site-packages\fsspec\registry.py", line 233, in get_filesystem_class
    raise ValueError(f"Protocol not known: {protocol}")
ValueError: Protocol not known: artifacts/data_ingestion/samsum_dataset
